<?xml version="1.0" encoding="UTF-8"?>
<testsuite name="com.axelor.test.AppTest" tests="1" skipped="0" failures="0" errors="0" timestamp="2021-03-10T06:39:38" hostname="localhost.localdomain" time="0.003">
  <properties/>
  <testcase name="testAppHasAGreeting" classname="com.axelor.test.AppTest" time="0.003"/>
  <system-out><![CDATA[]]></system-out>
  <system-err><![CDATA[]]></system-err>
</testsuite>
